Start testing: Nov 18 14:35 EST
----------------------------------------------------------
1/4 Testing: OrderBook simple matching
1/4 Test: OrderBook simple matching
Command: "/Users/avimaslow/CLionProjects/Map/build/unit_tests" "OrderBook simple matching"
Directory: /Users/avimaslow/CLionProjects/Map/build
"OrderBook simple matching" start time: Nov 18 14:35 EST
Output:
----------------------------------------------------------
Filters: "OrderBook simple matching"
Randomness seeded to: 816633405
===============================================================================
All tests passed (2 assertions in 1 test case)

<end of output>
Test time =   0.01 sec
----------------------------------------------------------
Test Passed.
"OrderBook simple matching" end time: Nov 18 14:35 EST
"OrderBook simple matching" time elapsed: 00:00:00
----------------------------------------------------------

2/4 Testing: EventBus routes events
2/4 Test: EventBus routes events
Command: "/Users/avimaslow/CLionProjects/Map/build/unit_tests" "EventBus routes events"
Directory: /Users/avimaslow/CLionProjects/Map/build
"EventBus routes events" start time: Nov 18 14:35 EST
Output:
----------------------------------------------------------
Filters: "EventBus routes events"
Randomness seeded to: 3779143967
===============================================================================
All tests passed (1 assertion in 1 test case)

<end of output>
Test time =   0.01 sec
----------------------------------------------------------
Test Passed.
"EventBus routes events" end time: Nov 18 14:35 EST
"EventBus routes events" time elapsed: 00:00:00
----------------------------------------------------------

3/4 Testing: Record + replay produce same book checksum
3/4 Test: Record + replay produce same book checksum
Command: "/Users/avimaslow/CLionProjects/Map/build/unit_tests" "Record + replay produce same book checksum"
Directory: /Users/avimaslow/CLionProjects/Map/build
"Record + replay produce same book checksum" start time: Nov 18 14:35 EST
Output:
----------------------------------------------------------
Filters: "Record + replay produce same book checksum"
Randomness seeded to: 4273486843
===============================================================================
All tests passed (3 assertions in 1 test case)

<end of output>
Test time =   0.01 sec
----------------------------------------------------------
Test Passed.
"Record + replay produce same book checksum" end time: Nov 18 14:35 EST
"Record + replay produce same book checksum" time elapsed: 00:00:00
----------------------------------------------------------

4/4 Testing: orderbook_smoke
4/4 Test: orderbook_smoke
Command: "/Users/avimaslow/CLionProjects/Map/build/orderbook_smoke"
Directory: /Users/avimaslow/CLionProjects/Map/build
"orderbook_smoke" start time: Nov 18 14:35 EST
Output:
----------------------------------------------------------
OrderBook smoke tests passed
<end of output>
Test time =   0.36 sec
----------------------------------------------------------
Test Passed.
"orderbook_smoke" end time: Nov 18 14:35 EST
"orderbook_smoke" time elapsed: 00:00:00
----------------------------------------------------------

End testing: Nov 18 14:35 EST
