Start testing: Nov 08 13:05 EST
----------------------------------------------------------
1/1 Testing: OrderBook simple matching
1/1 Test: OrderBook simple matching
Command: "/Users/avimaslow/CLionProjects/Map/cmake-build-debug/unit_tests" "OrderBook simple matching"
Directory: /Users/avimaslow/CLionProjects/Map/cmake-build-debug
"OrderBook simple matching" start time: Nov 08 13:05 EST
Output:
----------------------------------------------------------
Filters: "OrderBook simple matching"
Randomness seeded to: 3758900372
===============================================================================
All tests passed (2 assertions in 1 test case)

<end of output>
Test time =   0.03 sec
----------------------------------------------------------
Test Passed.
"OrderBook simple matching" end time: Nov 08 13:05 EST
"OrderBook simple matching" time elapsed: 00:00:00
----------------------------------------------------------

End testing: Nov 08 13:05 EST
